2014-10-31 11:16:50,010:10.6370449066 - ubuntu_sso.main - INFO - Setting up Ubuntu SSO service.
2014-10-31 11:16:50,019:19.8910236359 - ubuntu_sso.main - INFO - Ubuntu SSO service started.
2014-10-31 11:16:50,019:19.9630260468 - ubuntu_sso.account - INFO - Creating a new SSO access layer for service url u'https://login.ubuntu.com/api/1.0/'
2014-10-31 11:17:05,596:596.429109573 - ubuntu_sso.credentials - INFO - find_credentials: self.app_name dbus.String(u'Ubuntu Software Center'), result is {}? True
2014-10-31 11:17:05,596:596.607923508 - ubuntu_sso.main - INFO - 'CredentialsManagement': emitting 'CredentialsNotFound' with args (dbus.String(u'Ubuntu Software Center'),) and kwargs {}
2014-10-31 11:17:15,598:598.980903625 - ubuntu_sso.main - INFO - Shutting down, calling <function shutdown_func at 0x89970d4>.
2014-10-31 11:22:05,700:700.333118439 - ubuntu_sso.main - INFO - Setting up Ubuntu SSO service.
2014-10-31 11:22:05,706:706.041097641 - ubuntu_sso.main - INFO - Ubuntu SSO service started.
2014-10-31 11:22:05,706:706.116914749 - ubuntu_sso.account - INFO - Creating a new SSO access layer for service url u'https://login.ubuntu.com/api/1.0/'
2014-10-31 11:22:05,709:709.4810009 - ubuntu_sso.credentials - INFO - find_credentials: self.app_name dbus.String(u'Ubuntu Software Center'), result is {}? True
2014-10-31 11:22:05,709:709.563970566 - ubuntu_sso.main - INFO - 'CredentialsManagement': emitting 'CredentialsNotFound' with args (dbus.String(u'Ubuntu Software Center'),) and kwargs {}
2014-10-31 11:22:15,719:719.096899033 - ubuntu_sso.main - INFO - Shutting down, calling <function shutdown_func at 0x96430d4>.
2014-10-31 11:29:41,727:727.035999298 - ubuntu_sso.main - INFO - Setting up Ubuntu SSO service.
2014-10-31 11:29:41,739:739.346027374 - ubuntu_sso.main - INFO - Ubuntu SSO service started.
2014-10-31 11:29:41,739:739.430904388 - ubuntu_sso.account - INFO - Creating a new SSO access layer for service url u'https://login.ubuntu.com/api/1.0/'
2014-10-31 11:29:41,744:744.421958923 - ubuntu_sso.credentials - INFO - find_credentials: self.app_name dbus.String(u'Ubuntu Software Center'), result is {}? True
2014-10-31 11:29:41,744:744.503974915 - ubuntu_sso.main - INFO - 'CredentialsManagement': emitting 'CredentialsNotFound' with args (dbus.String(u'Ubuntu Software Center'),) and kwargs {}
2014-10-31 11:29:51,754:754.789113998 - ubuntu_sso.main - INFO - Shutting down, calling <function shutdown_func at 0x9e950d4>.
2014-10-31 11:34:41,703:703.108072281 - ubuntu_sso.main - INFO - Setting up Ubuntu SSO service.
2014-10-31 11:34:41,708:708.317041397 - ubuntu_sso.main - INFO - Ubuntu SSO service started.
2014-10-31 11:34:41,708:708.380937576 - ubuntu_sso.account - INFO - Creating a new SSO access layer for service url u'https://login.ubuntu.com/api/1.0/'
2014-10-31 11:34:41,715:715.420007706 - ubuntu_sso.credentials - INFO - find_credentials: self.app_name dbus.String(u'Ubuntu Software Center'), result is {}? True
2014-10-31 11:34:41,715:715.502977371 - ubuntu_sso.main - INFO - 'CredentialsManagement': emitting 'CredentialsNotFound' with args (dbus.String(u'Ubuntu Software Center'),) and kwargs {}
2014-10-31 11:34:51,726:726.385116577 - ubuntu_sso.main - INFO - Shutting down, calling <function shutdown_func at 0x9d100d4>.
